<?xml version="1.0" encoding="UTF-8"?>
<!-- Generated by org.testng.reporters.JUnitReportReporter -->
<testsuite skipped="0" hostname="DESKTOP-QQUJ7MA" name="com.mesf.test.CreateTournamentTest" tests="4" failures="0" timestamp="28 Dec 2020 14:13:54 GMT" time="67.253" errors="0">
  <testcase name="toCreatebracket" time="15.102" classname="com.mesf.test.CreateTournamentTest"/>
  <testcase name="toEditBracket" time="16.880" classname="com.mesf.test.CreateTournamentTest"/>
  <testcase name="toDeleteBracket" time="21.121" classname="com.mesf.test.CreateTournamentTest"/>
  <testcase name="toSaveBracket" time="14.150" classname="com.mesf.test.CreateTournamentTest"/>
</testsuite> <!-- com.mesf.test.CreateTournamentTest -->
