<?xml version="1.0" encoding="UTF-8"?>
<!-- Generated by org.testng.reporters.JUnitReportReporter -->
<testsuite skipped="0" hostname="DESKTOP-QQUJ7MA" name="com.mesf.base.Base" tests="1" failures="0" timestamp="28 Dec 2020 12:17:30 GMT" time="16.436" errors="0">
  <testcase name="LoginFunction" time="16.436" classname="com.mesf.base.Base"/>
</testsuite> <!-- com.mesf.base.Base -->
