<?xml version="1.0" encoding="UTF-8"?>
<!-- Generated by org.testng.reporters.JUnitReportReporter -->
<testsuite skipped="0" hostname="DESKTOP-QQUJ7MA" name="com.mesf.test.LoginTest" tests="4" failures="0" timestamp="28 Dec 2020 14:13:54 GMT" time="55.244" errors="0">
  <testcase name="validUsernameAndInvalidPass" time="14.316" classname="com.mesf.test.LoginTest"/>
  <testcase name="validUsernameAndPass" time="14.541" classname="com.mesf.test.LoginTest"/>
  <testcase name="InvalidUsernameAndInvalidPass" time="14.530" classname="com.mesf.test.LoginTest"/>
  <testcase name="InvalidUsernameAndvalidPass" time="11.857" classname="com.mesf.test.LoginTest"/>
</testsuite> <!-- com.mesf.test.LoginTest -->
