<?xml version="1.0" encoding="UTF-8"?>
<!-- Generated by org.testng.reporters.JUnitReportReporter -->
<testsuite skipped="0" hostname="DESKTOP-QQUJ7MA" name="com.mesf.pages.CreateTournament" tests="4" failures="0" timestamp="27 Dec 2020 07:31:52 GMT" time="230.692" errors="0">
  <testcase name="to_delete_bracket" time="64.765" classname="com.mesf.pages.CreateTournament"/>
  <testcase name="to_make_bracket" time="44.268" classname="com.mesf.pages.CreateTournament"/>
  <testcase name="to_make_edit_bracket" time="71.957" classname="com.mesf.pages.CreateTournament"/>
  <testcase name="to_save_bracket" time="49.702" classname="com.mesf.pages.CreateTournament"/>
</testsuite> <!-- com.mesf.pages.CreateTournament -->
