<?xml version="1.0" encoding="UTF-8"?>
<!-- Generated by org.testng.reporters.JUnitReportReporter -->
<testsuite skipped="5" hostname="DESKTOP-QQUJ7MA" name="com.mesf.pages.LoginPage" tests="6" failures="0" timestamp="27 Dec 2020 12:24:03 GMT" time="12.722" errors="0">
  <testcase name="Invalid_Username_And_Invalid_Pass" time="12.722" classname="com.mesf.pages.LoginPage"/>
  <testcase name="creation_Of_New_User" classname="com.mesf.pages.LoginPage">
    <skipped/>
  </testcase> <!-- creation_Of_New_User -->
  <testcase name="valid_Pass_And_Valid_Username" classname="com.mesf.pages.LoginPage">
    <skipped/>
  </testcase> <!-- valid_Pass_And_Valid_Username -->
  <testcase name="Invalid_Username_And_valid_Pass" classname="com.mesf.pages.LoginPage">
    <skipped/>
  </testcase> <!-- Invalid_Username_And_valid_Pass -->
  <testcase name="registration_Of_Now_User" classname="com.mesf.pages.LoginPage">
    <skipped/>
  </testcase> <!-- registration_Of_Now_User -->
  <testcase name="valid_Username_And_Invalid_Pass" classname="com.mesf.pages.LoginPage">
    <skipped/>
  </testcase> <!-- valid_Username_And_Invalid_Pass -->
</testsuite> <!-- com.mesf.pages.LoginPage -->
