<?xml version="1.0" encoding="UTF-8"?>
<!-- Generated by org.testng.reporters.JUnitReportReporter -->
<testsuite skipped="0" hostname="DESKTOP-QQUJ7MA" name="com.mesf.test.LoginTest" tests="4" failures="0" timestamp="28 Dec 2020 04:08:41 GMT" time="53.033" errors="0">
  <testcase name="InvalidUsernameAndInvalidPass" time="10.827" classname="com.mesf.test.LoginTest"/>
  <testcase name="validUsernameAndInvalidPass" time="12.560" classname="com.mesf.test.LoginTest"/>
  <testcase name="InvalidUsernameAndvalidPass" time="11.415" classname="com.mesf.test.LoginTest"/>
  <testcase name="validUsernameAndPass" time="18.231" classname="com.mesf.test.LoginTest"/>
</testsuite> <!-- com.mesf.test.LoginTest -->
