<?xml version="1.0" encoding="UTF-8"?>
<!-- Generated by org.testng.reporters.JUnitReportReporter -->
<testsuite skipped="0" hostname="DESKTOP-QQUJ7MA" name="com.mesf.test.CreateTournamentTest" tests="4" failures="0" timestamp="28 Dec 2020 04:08:41 GMT" time="69.957" errors="0">
  <testcase name="toDeleteBracket" time="19.139" classname="com.mesf.test.CreateTournamentTest"/>
  <testcase name="toCreatebracket" time="15.598" classname="com.mesf.test.CreateTournamentTest"/>
  <testcase name="toSaveBracket" time="17.654" classname="com.mesf.test.CreateTournamentTest"/>
  <testcase name="toEditBracket" time="17.566" classname="com.mesf.test.CreateTournamentTest"/>
</testsuite> <!-- com.mesf.test.CreateTournamentTest -->
